<?xml version="1.0" encoding="UTF-8"?>
<testsuite xmlns:xsi="http://www.w3.org/2001/XMLSchema-instance" xsi:noNamespaceSchemaLocation="https://maven.apache.org/surefire/maven-surefire-plugin/xsd/surefire-test-report-3.0.xsd" version="3.0" name="TestSuite" time="4.981" tests="1" errors="0" skipped="0" failures="0">
  <properties>
    <property name="sun.desktop" value="windows"/>
    <property name="awt.toolkit" value="sun.awt.windows.WToolkit"/>
    <property name="java.specification.version" value="11"/>
    <property name="sun.cpu.isalist" value="amd64"/>
    <property name="sun.jnu.encoding" value="Cp1252"/>
    <property name="java.class.path" value="C:\simplilearn\RestAssuredProject\target\test-classes;C:\simplilearn\RestAssuredProject\target\classes;C:\Users\e374465\.m2\repository\org\testng\testng\7.5\testng-7.5.jar;C:\Users\e374465\.m2\repository\com\google\code\findbugs\jsr305\3.0.1\jsr305-3.0.1.jar;C:\Users\e374465\.m2\repository\org\slf4j\slf4j-api\1.7.32\slf4j-api-1.7.32.jar;C:\Users\e374465\.m2\repository\com\beust\jcommander\1.78\jcommander-1.78.jar;C:\Users\e374465\.m2\repository\org\webjars\jquery\3.5.1\jquery-3.5.1.jar;C:\Users\e374465\.m2\repository\io\rest-assured\rest-assured\4.3.1\rest-assured-4.3.1.jar;C:\Users\e374465\.m2\repository\org\codehaus\groovy\groovy\3.0.3\groovy-3.0.3.jar;C:\Users\e374465\.m2\repository\org\codehaus\groovy\groovy-xml\3.0.3\groovy-xml-3.0.3.jar;C:\Users\e374465\.m2\repository\org\apache\httpcomponents\httpclient\4.5.3\httpclient-4.5.3.jar;C:\Users\e374465\.m2\repository\org\apache\httpcomponents\httpcore\4.4.6\httpcore-4.4.6.jar;C:\Users\e374465\.m2\repository\commons-logging\commons-logging\1.2\commons-logging-1.2.jar;C:\Users\e374465\.m2\repository\commons-codec\commons-codec\1.9\commons-codec-1.9.jar;C:\Users\e374465\.m2\repository\org\apache\httpcomponents\httpmime\4.5.3\httpmime-4.5.3.jar;C:\Users\e374465\.m2\repository\org\hamcrest\hamcrest\2.1\hamcrest-2.1.jar;C:\Users\e374465\.m2\repository\org\ccil\cowan\tagsoup\tagsoup\1.2.1\tagsoup-1.2.1.jar;C:\Users\e374465\.m2\repository\io\rest-assured\xml-path\4.3.1\xml-path-4.3.1.jar;C:\Users\e374465\.m2\repository\org\apache\commons\commons-lang3\3.4\commons-lang3-3.4.jar;C:\Users\e374465\.m2\repository\jakarta\xml\bind\jakarta.xml.bind-api\2.3.3\jakarta.xml.bind-api-2.3.3.jar;C:\Users\e374465\.m2\repository\jakarta\activation\jakarta.activation-api\1.2.2\jakarta.activation-api-1.2.2.jar;C:\Users\e374465\.m2\repository\com\sun\xml\bind\jaxb-impl\2.3.3\jaxb-impl-2.3.3.jar;C:\Users\e374465\.m2\repository\io\rest-assured\json-path\4.3.1\json-path-4.3.1.jar;C:\Users\e374465\.m2\repository\org\codehaus\groovy\groovy-json\3.0.3\groovy-json-3.0.3.jar;C:\Users\e374465\.m2\repository\io\rest-assured\rest-assured-common\4.3.1\rest-assured-common-4.3.1.jar;C:\Users\e374465\.m2\repository\io\rest-assured\json-schema-validator\4.3.1\json-schema-validator-4.3.1.jar;C:\Users\e374465\.m2\repository\com\github\java-json-tools\json-schema-validator\2.2.10\json-schema-validator-2.2.10.jar;C:\Users\e374465\.m2\repository\com\github\java-json-tools\json-schema-core\1.2.10\json-schema-core-1.2.10.jar;C:\Users\e374465\.m2\repository\com\github\java-json-tools\jackson-coreutils\1.9\jackson-coreutils-1.9.jar;C:\Users\e374465\.m2\repository\com\fasterxml\jackson\core\jackson-databind\2.2.3\jackson-databind-2.2.3.jar;C:\Users\e374465\.m2\repository\com\fasterxml\jackson\core\jackson-annotations\2.2.3\jackson-annotations-2.2.3.jar;C:\Users\e374465\.m2\repository\com\fasterxml\jackson\core\jackson-core\2.2.3\jackson-core-2.2.3.jar;C:\Users\e374465\.m2\repository\com\google\guava\guava\16.0.1\guava-16.0.1.jar;C:\Users\e374465\.m2\repository\com\github\fge\msg-simple\1.1\msg-simple-1.1.jar;C:\Users\e374465\.m2\repository\com\github\fge\btf\1.2\btf-1.2.jar;C:\Users\e374465\.m2\repository\com\github\fge\uri-template\0.9\uri-template-0.9.jar;C:\Users\e374465\.m2\repository\org\mozilla\rhino\1.7.7.1\rhino-1.7.7.1.jar;C:\Users\e374465\.m2\repository\javax\mail\mailapi\1.4.3\mailapi-1.4.3.jar;C:\Users\e374465\.m2\repository\javax\activation\activation\1.1\activation-1.1.jar;C:\Users\e374465\.m2\repository\joda-time\joda-time\2.9.7\joda-time-2.9.7.jar;C:\Users\e374465\.m2\repository\com\googlecode\libphonenumber\libphonenumber\8.0.0\libphonenumber-8.0.0.jar;C:\Users\e374465\.m2\repository\net\sf\jopt-simple\jopt-simple\5.0.3\jopt-simple-5.0.3.jar;C:\Users\e374465\.m2\repository\org\json\json\20210307\json-20210307.jar;"/>
    <property name="java.vm.vendor" value="Oracle Corporation"/>
    <property name="sun.arch.data.model" value="64"/>
    <property name="user.variant" value=""/>
    <property name="java.vendor.url" value="https://openjdk.java.net/"/>
    <property name="user.timezone" value="Asia/Calcutta"/>
    <property name="java.vm.specification.version" value="11"/>
    <property name="os.name" value="Windows 10"/>
    <property name="sun.java.launcher" value="SUN_STANDARD"/>
    <property name="user.country" value="US"/>
    <property name="sun.boot.library.path" value="C:\Java\jdk-11.0.14\bin"/>
    <property name="sun.java.command" value="C:\Users\e374465\AppData\Local\Temp\surefire5816722699371675780\surefirebooter2682417997500254727.jar C:\Users\e374465\AppData\Local\Temp\surefire5816722699371675780 2022-05-29T12-06-17_900-jvmRun1 surefire13829624353850199651tmp surefire_012132658263743486344tmp"/>
    <property name="jdk.debug" value="release"/>
    <property name="surefire.test.class.path" value="C:\simplilearn\RestAssuredProject\target\test-classes;C:\simplilearn\RestAssuredProject\target\classes;C:\Users\e374465\.m2\repository\org\testng\testng\7.5\testng-7.5.jar;C:\Users\e374465\.m2\repository\com\google\code\findbugs\jsr305\3.0.1\jsr305-3.0.1.jar;C:\Users\e374465\.m2\repository\org\slf4j\slf4j-api\1.7.32\slf4j-api-1.7.32.jar;C:\Users\e374465\.m2\repository\com\beust\jcommander\1.78\jcommander-1.78.jar;C:\Users\e374465\.m2\repository\org\webjars\jquery\3.5.1\jquery-3.5.1.jar;C:\Users\e374465\.m2\repository\io\rest-assured\rest-assured\4.3.1\rest-assured-4.3.1.jar;C:\Users\e374465\.m2\repository\org\codehaus\groovy\groovy\3.0.3\groovy-3.0.3.jar;C:\Users\e374465\.m2\repository\org\codehaus\groovy\groovy-xml\3.0.3\groovy-xml-3.0.3.jar;C:\Users\e374465\.m2\repository\org\apache\httpcomponents\httpclient\4.5.3\httpclient-4.5.3.jar;C:\Users\e374465\.m2\repository\org\apache\httpcomponents\httpcore\4.4.6\httpcore-4.4.6.jar;C:\Users\e374465\.m2\repository\commons-logging\commons-logging\1.2\commons-logging-1.2.jar;C:\Users\e374465\.m2\repository\commons-codec\commons-codec\1.9\commons-codec-1.9.jar;C:\Users\e374465\.m2\repository\org\apache\httpcomponents\httpmime\4.5.3\httpmime-4.5.3.jar;C:\Users\e374465\.m2\repository\org\hamcrest\hamcrest\2.1\hamcrest-2.1.jar;C:\Users\e374465\.m2\repository\org\ccil\cowan\tagsoup\tagsoup\1.2.1\tagsoup-1.2.1.jar;C:\Users\e374465\.m2\repository\io\rest-assured\xml-path\4.3.1\xml-path-4.3.1.jar;C:\Users\e374465\.m2\repository\org\apache\commons\commons-lang3\3.4\commons-lang3-3.4.jar;C:\Users\e374465\.m2\repository\jakarta\xml\bind\jakarta.xml.bind-api\2.3.3\jakarta.xml.bind-api-2.3.3.jar;C:\Users\e374465\.m2\repository\jakarta\activation\jakarta.activation-api\1.2.2\jakarta.activation-api-1.2.2.jar;C:\Users\e374465\.m2\repository\com\sun\xml\bind\jaxb-impl\2.3.3\jaxb-impl-2.3.3.jar;C:\Users\e374465\.m2\repository\io\rest-assured\json-path\4.3.1\json-path-4.3.1.jar;C:\Users\e374465\.m2\repository\org\codehaus\groovy\groovy-json\3.0.3\groovy-json-3.0.3.jar;C:\Users\e374465\.m2\repository\io\rest-assured\rest-assured-common\4.3.1\rest-assured-common-4.3.1.jar;C:\Users\e374465\.m2\repository\io\rest-assured\json-schema-validator\4.3.1\json-schema-validator-4.3.1.jar;C:\Users\e374465\.m2\repository\com\github\java-json-tools\json-schema-validator\2.2.10\json-schema-validator-2.2.10.jar;C:\Users\e374465\.m2\repository\com\github\java-json-tools\json-schema-core\1.2.10\json-schema-core-1.2.10.jar;C:\Users\e374465\.m2\repository\com\github\java-json-tools\jackson-coreutils\1.9\jackson-coreutils-1.9.jar;C:\Users\e374465\.m2\repository\com\fasterxml\jackson\core\jackson-databind\2.2.3\jackson-databind-2.2.3.jar;C:\Users\e374465\.m2\repository\com\fasterxml\jackson\core\jackson-annotations\2.2.3\jackson-annotations-2.2.3.jar;C:\Users\e374465\.m2\repository\com\fasterxml\jackson\core\jackson-core\2.2.3\jackson-core-2.2.3.jar;C:\Users\e374465\.m2\repository\com\google\guava\guava\16.0.1\guava-16.0.1.jar;C:\Users\e374465\.m2\repository\com\github\fge\msg-simple\1.1\msg-simple-1.1.jar;C:\Users\e374465\.m2\repository\com\github\fge\btf\1.2\btf-1.2.jar;C:\Users\e374465\.m2\repository\com\github\fge\uri-template\0.9\uri-template-0.9.jar;C:\Users\e374465\.m2\repository\org\mozilla\rhino\1.7.7.1\rhino-1.7.7.1.jar;C:\Users\e374465\.m2\repository\javax\mail\mailapi\1.4.3\mailapi-1.4.3.jar;C:\Users\e374465\.m2\repository\javax\activation\activation\1.1\activation-1.1.jar;C:\Users\e374465\.m2\repository\joda-time\joda-time\2.9.7\joda-time-2.9.7.jar;C:\Users\e374465\.m2\repository\com\googlecode\libphonenumber\libphonenumber\8.0.0\libphonenumber-8.0.0.jar;C:\Users\e374465\.m2\repository\net\sf\jopt-simple\jopt-simple\5.0.3\jopt-simple-5.0.3.jar;C:\Users\e374465\.m2\repository\org\json\json\20210307\json-20210307.jar;"/>
    <property name="sun.cpu.endian" value="little"/>
    <property name="user.home" value="C:\Users\e374465"/>
    <property name="user.language" value="en"/>
    <property name="java.specification.vendor" value="Oracle Corporation"/>
    <property name="java.version.date" value="2022-01-18"/>
    <property name="java.home" value="C:\Java\jdk-11.0.14"/>
    <property name="file.separator" value="\"/>
    <property name="basedir" value="C:\simplilearn\RestAssuredProject"/>
    <property name="java.vm.compressedOopsMode" value="32-bit"/>
    <property name="line.separator" value="&#10;"/>
    <property name="java.specification.name" value="Java Platform API Specification"/>
    <property name="java.vm.specification.vendor" value="Oracle Corporation"/>
    <property name="java.awt.graphicsenv" value="sun.awt.Win32GraphicsEnvironment"/>
    <property name="surefire.real.class.path" value="C:\Users\e374465\AppData\Local\Temp\surefire5816722699371675780\surefirebooter2682417997500254727.jar"/>
    <property name="user.script" value=""/>
    <property name="sun.management.compiler" value="HotSpot 64-Bit Tiered Compilers"/>
    <property name="java.runtime.version" value="11.0.14+8-LTS-263"/>
    <property name="user.name" value="E374465"/>
    <property name="path.separator" value=";"/>
    <property name="os.version" value="10.0"/>
    <property name="java.runtime.name" value="Java(TM) SE Runtime Environment"/>
    <property name="file.encoding" value="Cp1252"/>
    <property name="java.vm.name" value="Java HotSpot(TM) 64-Bit Server VM"/>
    <property name="java.vendor.version" value="18.9"/>
    <property name="localRepository" value="C:\Users\e374465\.m2\repository"/>
    <property name="java.vendor.url.bug" value="https://bugreport.java.com/bugreport/"/>
    <property name="java.io.tmpdir" value="C:\Users\e374465\AppData\Local\Temp\"/>
    <property name="java.version" value="11.0.14"/>
    <property name="user.dir" value="C:\simplilearn\RestAssuredProject"/>
    <property name="os.arch" value="amd64"/>
    <property name="java.vm.specification.name" value="Java Virtual Machine Specification"/>
    <property name="java.awt.printerjob" value="sun.awt.windows.WPrinterJob"/>
    <property name="sun.os.patch.level" value=""/>
    <property name="java.library.path" value="C:\Java\jdk-11.0.14\bin;C:\WINDOWS\Sun\Java\bin;C:\WINDOWS\system32;C:\WINDOWS;C:\Program Files (x86)\Common Files\Intermec\Dlls;C:\Program Files (x86)\Common Files\Oracle\Java\javapath;C:\ProgramData\Oracle\Java\javapath;C:\WINDOWS\system32;C:\WINDOWS;C:\WINDOWS\System32\Wbem;C:\WINDOWS\System32\WindowsPowerShell\v1.0\;C:\ProgramData\chocolatey\bin;C:\Program Files\1E\NomadBranch\;C:\Program Files\Git\cmd;C:\Program Files\Java\jdk-11.0.14\bin;C:\ADB\platform-tools\;C:\apache-ant-1.10.12-bin\apache-ant-1.10.12\bin;C:\apache-maven-3.8.4\bin;C:\Java\jdk-11.0.14\bin;C:\Program Files\MySQL\MySQL Server 8.0\bin;C:\Program Files\nodejs\;C:\Users\e374465\AppData\Local\Programs\Python\Python310\Scripts\;C:\Users\e374465\AppData\Local\Programs\Python\Python310\;C:\Users\e374465\AppData\Local\Microsoft\WindowsApps;C:\Users\e374465\AppData\Local\Android\sdk\platform-tools;C:\ADB\platform-tools\platform-tools;C:\Users\e374465\AppData\Roaming\npm;."/>
    <property name="java.vendor" value="Oracle Corporation"/>
    <property name="java.vm.info" value="mixed mode"/>
    <property name="java.vm.version" value="11.0.14+8-LTS-263"/>
    <property name="sun.io.unicode.encoding" value="UnicodeLittle"/>
    <property name="java.class.version" value="55.0"/>
  </properties>
  <testcase name="test1" classname="apichaining.EndToEndTest" time="3.902">
    <system-out><![CDATA[[
  [
    {
      "id": 5,
      "name": "lakshmi",
      "salary": "10000"
    },
    {
      "name": "siva",
      "salary": "5000",
      "id": 2
    }
  ],
  {
    "name": "nagalakshmi",
    "salary": "5000",
    "id": 6
  },
  {
    "name": "nagalakshmi",
    "salary": "5000",
    "id": 7
  },
  {
    "name": "siri",
    "salary": 50000,
    "id": 8
  },
  {
    "name": "siri",
    "salary": 50000,
    "id": 9
  },
  {
    "name": "alekhya",
    "salary": 50000,
    "id": 10
  },
  {
    "name": "siva",
    "salary": "5000",
    "id": 11
  },
  {
    "name": "sripad",
    "salary": "1000",
    "id": 15
  },
  {
    "name": "sripad",
    "salary": "1000",
    "id": 16
  },
  {
    "name": "sripad",
    "salary": "1000",
    "id": 17
  },
  {
    "name": "sripad",
    "salary": "1000",
    "id": 18
  },
  {
    "name": "sripad",
    "salary": "1000",
    "id": 19
  },
  {
    "name": "sripad",
    "salary": "1000",
    "id": 20
  },
  {
    "name": "Ram",
    "salary": "1000",
    "id": 21
  },
  {
    "name": "Ram",
    "salary": "1000",
    "id": 22
  },
  {
    "name": "Ram",
    "salary": "1000",
    "id": 23
  },
  {
    "name": "ram11",
    "salary": "1000",
    "id": 24
  },
  [
    {
      "id": 5,
      "name": "lakshmi",
      "salary": "10000"
    },
    {
      "name": "siva",
      "salary": "5000"
    }
  ]
]
id26
{}
]]></system-out>
    <system-err><![CDATA[SLF4J: Failed to load class "org.slf4j.impl.StaticLoggerBinder".
SLF4J: Defaulting to no-operation (NOP) logger implementation
SLF4J: See http://www.slf4j.org/codes.html#StaticLoggerBinder for further details.
]]></system-err>
  </testcase>
</testsuite>