<?xml version="1.0" encoding="UTF-8"?>
<!-- Generated by org.testng.reporters.JUnitReportReporter -->
<testsuite hostname="IE1FLT6Y3G5Y2" failures="0" tests="1" name="restBDD.PostRequestBDD" time="2.602" errors="0" timestamp="2022-06-04T10:34:02 IST" skipped="0">
  <testcase classname="restBDD.PostRequestBDD" name="test1" time="2.602"/>
  <system-out/>
</testsuite> <!-- restBDD.PostRequestBDD -->
