<?xml version="1.0" encoding="UTF-8"?>
<!-- Generated by org.testng.reporters.JUnitReportReporter -->
<testsuite hostname="IE1FLT6Y3G5Y2" failures="0" tests="1" name="restAPI.PostRequest" time="1.977" errors="0" timestamp="28 May 2022 06:12:23 GMT" skipped="0">
  <testcase classname="restAPI.PostRequest" name="test1" time="1.977"/>
</testsuite> <!-- restAPI.PostRequest -->
