<?xml version="1.0" encoding="UTF-8"?>
<!-- Generated by org.testng.reporters.JUnitReportReporter -->
<testsuite hostname="IE1FLT6Y3G5Y2" failures="0" tests="1" name="restAPI.PostRequestWithFile" time="2.124" errors="0" timestamp="28 May 2022 07:19:06 GMT" skipped="0">
  <testcase classname="restAPI.PostRequestWithFile" name="test" time="2.124"/>
</testsuite> <!-- restAPI.PostRequestWithFile -->
