<?xml version="1.0" encoding="UTF-8"?>
<!-- Generated by org.testng.reporters.JUnitReportReporter -->
<testsuite hostname="IE1FLT6Y3G5Y2" failures="0" tests="1" name="restAPI.GetRequest" time="1.533" errors="0" timestamp="29 May 2022 05:14:31 GMT" skipped="0">
  <testcase classname="restAPI.GetRequest" name="test1" time="1.533"/>
</testsuite> <!-- restAPI.GetRequest -->
