<?xml version="1.0" encoding="UTF-8"?>
<!-- Generated by org.testng.reporters.JUnitReportReporter -->
<testsuite hostname="IE1FLT6Y3G5Y2" failures="0" tests="2" name="GitHub.EndtoEndTest" time="2.705" errors="0" timestamp="2022-05-29T12:56:47 IST" skipped="0">
  <testcase classname="GitHub.EndtoEndTest" name="test1" time="2.238"/>
  <system-out/>
  <testcase classname="GitHub.EndtoEndTest" name="test2" time="0.467"/>
  <system-out/>
</testsuite> <!-- GitHub.EndtoEndTest -->
