<?xml version="1.0" encoding="UTF-8"?>
<!-- Generated by org.testng.reporters.JUnitReportReporter -->
<testsuite hostname="IE1FLT6Y3G5Y2" failures="0" tests="1" name="restAPI.PostRequestwithMap" time="2.167" errors="0" timestamp="28 May 2022 06:50:13 GMT" skipped="0">
  <testcase classname="restAPI.PostRequestwithMap" name="test" time="2.167"/>
</testsuite> <!-- restAPI.PostRequestwithMap -->
