<?xml version="1.0" encoding="UTF-8"?>
<!-- Generated by org.testng.reporters.JUnitReportReporter -->
<testsuite hostname="IE1FLT6Y3G5Y2" failures="0" tests="1" name="restBDD.GetRequest" time="1.533" errors="0" timestamp="2022-06-04T09:41:33 IST" skipped="0">
  <testcase classname="restBDD.GetRequest" name="Test1" time="1.533"/>
  <system-out/>
</testsuite> <!-- restBDD.GetRequest -->
