<?xml version="1.0" encoding="UTF-8"?>
<!-- Generated by org.testng.reporters.JUnitReportReporter -->
<testsuite hostname="IE1FLT6Y3G5Y2" failures="0" tests="3" name="restBDD.GetRequestBDD" time="2.434" errors="0" timestamp="2022-06-04T10:11:18 IST" skipped="0">
  <testcase classname="restBDD.GetRequestBDD" name="test3" time="0.094"/>
  <system-out/>
  <testcase classname="restBDD.GetRequestBDD" name="test1" time="1.657"/>
  <system-out/>
  <testcase classname="restBDD.GetRequestBDD" name="test2" time="0.683"/>
  <system-out/>
</testsuite> <!-- restBDD.GetRequestBDD -->
