<?xml version="1.0" encoding="UTF-8"?>
<!-- Generated by org.testng.reporters.JUnitReportReporter -->
<testsuite hostname="IE1FLT6Y3G5Y2" failures="0" tests="1" name="restAPI.PostRequestWithJsonObject" time="1.840" errors="0" timestamp="28 May 2022 06:42:52 GMT" skipped="0">
  <testcase classname="restAPI.PostRequestWithJsonObject" name="test" time="1.840"/>
</testsuite> <!-- restAPI.PostRequestWithJsonObject -->
