<?xml version="1.0" encoding="UTF-8"?>
<!-- Generated by org.testng.reporters.JUnitReportReporter -->
<testsuite hostname="IE1FLT6Y3G5Y2" failures="0" tests="3" name="RestAPIXML.XMLTest" time="4.096" errors="0" timestamp="2022-06-04T12:02:00 IST" skipped="0">
  <testcase classname="RestAPIXML.XMLTest" name="test1" time="2.930"/>
  <system-out/>
  <testcase classname="RestAPIXML.XMLTest" name="test3" time="0.237"/>
  <system-out/>
  <testcase classname="RestAPIXML.XMLTest" name="test2" time="0.929"/>
  <system-out/>
</testsuite> <!-- RestAPIXML.XMLTest -->
