<?xml version="1.0" encoding="UTF-8"?>
<!-- Generated by org.testng.reporters.JUnitReportReporter -->
<testsuite hostname="IE1FLT6Y3G5Y2" failures="0" tests="1" name="restAPI.DeleteRequest" time="1.324" errors="0" timestamp="29 May 2022 04:42:06 GMT" skipped="0">
  <testcase classname="restAPI.DeleteRequest" name="test" time="1.324"/>
</testsuite> <!-- restAPI.DeleteRequest -->
