<?xml version="1.0" encoding="UTF-8"?>
<!-- Generated by org.testng.reporters.JUnitReportReporter -->
<testsuite hostname="IE1FLT6Y3G5Y2" failures="0" tests="1" name="apichaining.EndToEndTest" time="2.694" errors="0" timestamp="2022-05-29T12:46:24 IST" skipped="0">
  <testcase classname="apichaining.EndToEndTest" name="test1" time="2.694"/>
  <system-out/>
</testsuite> <!-- apichaining.EndToEndTest -->
